<?xml version="1.0" encoding="UTF-8"?>
<!-- Generated by org.testng.reporters.JUnitXMLReporter -->
<testsuite ignored="3" hostname="DESKTOP-ECCOGIN" failures="0" tests="1" name="Default test" time="2.293" errors="0" timestamp="2022-09-10T09:47:19 IST">
  <testcase classname="com.blz.qa.db_automation.testing.DB_Test" name="deleteTaleData" time="0.888"/>
  <testcase classname="com.blz.qa.db_automation.testing.DB_Test" name="getTableData" time="0.0">
    <ignored/>
  </testcase> <!-- getTableData -->
  <testcase classname="com.blz.qa.db_automation.testing.DB_Test" name="insertData" time="0.0">
    <ignored/>
  </testcase> <!-- insertData -->
  <testcase classname="com.blz.qa.db_automation.testing.DB_Test" name="updateTableData" time="0.0">
    <ignored/>
  </testcase> <!-- updateTableData -->
</testsuite> <!-- Default test -->
