<?xml version="1.0" encoding="UTF-8"?>
<testng-results ignored="3" total="4" passed="1" failed="0" skipped="0">
  <reporter-output>
  </reporter-output>
  <suite started-at="2022-09-10T09:47:17 IST" name="Default suite" finished-at="2022-09-10T09:47:19 IST" duration-ms="2293">
    <groups>
    </groups>
    <test started-at="2022-09-10T09:47:17 IST" name="Default test" finished-at="2022-09-10T09:47:19 IST" duration-ms="2293">
      <class name="com.blz.qa.db_automation.testing.DB_Test">
        <test-method is-config="true" signature="setUp()[pri:0, instance:com.blz.qa.db_automation.testing.DB_Test@548e6d58]" started-at="2022-09-10T09:47:17 IST" name="setUp" finished-at="2022-09-10T09:47:18 IST" duration-ms="1317" status="PASS">
          <reporter-output>
          </reporter-output>
        </test-method> <!-- setUp -->
        <test-method signature="deleteTaleData()[pri:0, instance:com.blz.qa.db_automation.testing.DB_Test@548e6d58]" started-at="2022-09-10T09:47:18 IST" name="deleteTaleData" finished-at="2022-09-10T09:47:19 IST" duration-ms="888" status="PASS">
          <reporter-output>
          </reporter-output>
        </test-method> <!-- deleteTaleData -->
        <test-method is-config="true" signature="tearDown()[pri:0, instance:com.blz.qa.db_automation.testing.DB_Test@548e6d58]" started-at="2022-09-10T09:47:19 IST" name="tearDown" finished-at="2022-09-10T09:47:19 IST" duration-ms="5" status="PASS">
          <reporter-output>
          </reporter-output>
        </test-method> <!-- tearDown -->
      </class> <!-- com.blz.qa.db_automation.testing.DB_Test -->
    </test> <!-- Default test -->
  </suite> <!-- Default suite -->
</testng-results>
